2018-09-16 19:51:00.280  INFO 13892 --- [main] c.s.waterflow.ExcelImportApplication     : Starting ExcelImportApplication on DESKTOP-DM6MBOE with PID 13892 (C:\files\02.project\excelimport\target\classes started by 92039 in C:\files\02.project\excelimport)
2018-09-16 19:51:00.288  INFO 13892 --- [main] c.s.waterflow.ExcelImportApplication     : No active profile set, falling back to default profiles: default
2018-09-16 19:51:00.440  INFO 13892 --- [main] ConfigServletWebServerApplicationContext : Refreshing org.springframework.boot.web.servlet.context.AnnotationConfigServletWebServerApplicationContext@70cf32e3: startup date [Sun Sep 16 19:51:00 CST 2018]; root of context hierarchy
2018-09-16 19:51:02.179  WARN 13892 --- [main] o.m.s.mapper.ClassPathMapperScanner      : No MyBatis mapper was found in '[com.suneducation.waterflow.dao.mapper]' package. Please check your configuration.
2018-09-16 19:51:04.719  INFO 13892 --- [main] o.s.b.w.embedded.tomcat.TomcatWebServer  : Tomcat initialized with port(s): 7001 (http)
2018-09-16 19:51:04.798  INFO 13892 --- [main] o.apache.catalina.core.StandardService   : Starting service [Tomcat]
2018-09-16 19:51:04.802  INFO 13892 --- [main] org.apache.catalina.core.StandardEngine  : Starting Servlet Engine: Apache Tomcat/8.5.31
2018-09-16 19:51:05.048  INFO 13892 --- [localhost-startStop-1] o.a.catalina.core.AprLifecycleListener   : The APR based Apache Tomcat Native library which allows optimal performance in production environments was not found on the java.library.path: [C:\files\env\jdk1.8.0_73x64\jdk1.8.0_73x64\bin;C:\WINDOWS\Sun\Java\bin;C:\WINDOWS\system32;C:\WINDOWS;C:\Perl64\site\bin;C:\Perl64\bin;C:\Program Files\NVIDIA GPU Computing Toolkit\CUDA\v9.1\bin;C:\Program Files\NVIDIA GPU Computing Toolkit\CUDA\v9.1\libnvvp;C:\Program Files (x86)\Intel\iCLS Client\;C:\Program Files\Intel\iCLS Client\;C:\Windows\system32;C:\Windows;C:\Windows\System32\Wbem;C:\Windows\System32\WindowsPowerShell\v1.0\;C:\Program Files (x86)\Intel\Intel(R) Management Engine Components\DAL;C:\Program Files\Intel\Intel(R) Management Engine Components\DAL;C:\Program Files (x86)\Intel\Intel(R) Management Engine Components\IPT;C:\Program Files\Intel\Intel(R) Management Engine Components\IPT;C:\Program Files (x86)\NVIDIA Corporation\PhysX\Common;C:\Program Files\TortoiseGit\bin;C:\files\env\jdk1.8.0_73x64\jdk1.8.0_73x64\bin;C:\files\env\jdk1.8.0_73x64\jdk1.8.0_73x64\jre\bin;C:\Program Files (x86)\JetBrains\IntelliJ IDEA 2016.2\plugins\maven\lib\maven3\bin;C:\Program Files\Git\bin;C:\Program Files\Git\cmd;C:\Program Files\MySQL\MySQL Utilities 1.6\;C:\Program Files (x86)\Windows Kits\10\Windows Performance Toolkit\;C:\Program Files (x86)\Skype\Phone\;C:\Program Files\erl9.1\lib\rabbitmq_server-3.6.12\sbin;C:\Python27;C:\Program Files\R\R-3.4.3\bin;C:\Program Files\Microsoft SQL Server\110\Tools\Binn\;C:\Program Files\nodejs\;C:\Program Files (x86)\MSBuild\Microsoft.Cpp\v4.0\v140;C:\Users\92039\AppData\Local\Programs\Python\Python36\Scripts;C:\WINDOWS\system32;C:\WINDOWS;C:\WINDOWS\System32\Wbem;C:\WINDOWS\System32\WindowsPowerShell\v1.0\;C:\files\env\curl-7.59.0-win32-mingw\bin;C:\files\env\gradle-4.6\bin;C:\files\13AI\OpenCV\opencv\build\x64\vc14\bin;C:\files\13AI\人体检测\OpenPose_demo_1.0.1\OpenPose_demo_1.0.1\bin;C:\files\13AI\OpenCV\opencv\build\java\x64;C:\Users\92039\AppData\Local\Android\Sdk\platform-tools;C:\files\env\php\php;C:\files\env\php\php\ext;C:\WINDOWS\system32;C:\WINDOWS;C:\WINDOWS\System32\Wbem;C:\WINDOWS\System32\WindowsPowerShell\v1.0\;C:\WINDOWS\System32\OpenSSH\;C:\files\01.document\04.strom\env\apache-storm-1.2.2\bin;C:\files\env\apache-ant-1.9.13\bin;C:\Perl64\bin;C:\Users\92039\AppData\Local\Programs\Python\Python36\Scripts\;C:\Users\92039\AppData\Local\Programs\Python\Python36\;C:\Users\92039\AppData\Local\Microsoft\WindowsApps;C:\Users\92039\AppData\Local\atom\bin;C:\Users\92039\AppData\Roaming\npm;%USERPROFILE%\AppData\Local\Microsoft\WindowsApps;;.]
2018-09-16 19:51:05.655  INFO 13892 --- [localhost-startStop-1] o.a.c.c.C.[Tomcat].[localhost].[/]       : Initializing Spring embedded WebApplicationContext
2018-09-16 19:51:05.655  INFO 13892 --- [localhost-startStop-1] o.s.web.context.ContextLoader            : Root WebApplicationContext: initialization completed in 5215 ms
2018-09-16 19:51:06.291  INFO 13892 --- [localhost-startStop-1] o.s.b.w.servlet.ServletRegistrationBean  : Servlet dispatcherServlet mapped to [/]
2018-09-16 19:51:06.305  INFO 13892 --- [localhost-startStop-1] o.s.b.w.servlet.FilterRegistrationBean   : Mapping filter: 'characterEncodingFilter' to: [/*]
2018-09-16 19:51:06.306  INFO 13892 --- [localhost-startStop-1] o.s.b.w.servlet.FilterRegistrationBean   : Mapping filter: 'hiddenHttpMethodFilter' to: [/*]
2018-09-16 19:51:06.308  INFO 13892 --- [localhost-startStop-1] o.s.b.w.servlet.FilterRegistrationBean   : Mapping filter: 'httpPutFormContentFilter' to: [/*]
2018-09-16 19:51:06.310  INFO 13892 --- [localhost-startStop-1] o.s.b.w.servlet.FilterRegistrationBean   : Mapping filter: 'requestContextFilter' to: [/*]
2018-09-16 19:51:07.663  INFO 13892 --- [main] com.alibaba.druid.pool.DruidDataSource   : {dataSource-1} inited
2018-09-16 19:51:08.498  INFO 13892 --- [main] o.s.w.s.handler.SimpleUrlHandlerMapping  : Mapped URL path [/**/favicon.ico] onto handler of type [class org.springframework.web.servlet.resource.ResourceHttpRequestHandler]
2018-09-16 19:51:09.257  INFO 13892 --- [main] s.w.s.m.m.a.RequestMappingHandlerAdapter : Looking for @ControllerAdvice: org.springframework.boot.web.servlet.context.AnnotationConfigServletWebServerApplicationContext@70cf32e3: startup date [Sun Sep 16 19:51:00 CST 2018]; root of context hierarchy
2018-09-16 19:51:09.549  INFO 13892 --- [main] s.w.s.m.m.a.RequestMappingHandlerMapping : Mapped "{[/index],methods=[GET]}" onto public java.lang.String com.sunducation.waterflow.controller.PageController.index()
2018-09-16 19:51:09.556  INFO 13892 --- [main] s.w.s.m.m.a.RequestMappingHandlerMapping : Mapped "{[/api/v1/uploads/excel],methods=[POST]}" onto public com.sunducation.waterflow.ResultMsg com.sunducation.waterflow.controller.UploadFileController.uploadImg(org.springframework.web.multipart.MultipartFile,javax.servlet.http.HttpServletRequest) throws java.lang.Exception
2018-09-16 19:51:09.564  INFO 13892 --- [main] s.w.s.m.m.a.RequestMappingHandlerMapping : Mapped "{[/error]}" onto public org.springframework.http.ResponseEntity<java.util.Map<java.lang.String, java.lang.Object>> org.springframework.boot.autoconfigure.web.servlet.error.BasicErrorController.error(javax.servlet.http.HttpServletRequest)
2018-09-16 19:51:09.566  INFO 13892 --- [main] s.w.s.m.m.a.RequestMappingHandlerMapping : Mapped "{[/error],produces=[text/html]}" onto public org.springframework.web.servlet.ModelAndView org.springframework.boot.autoconfigure.web.servlet.error.BasicErrorController.errorHtml(javax.servlet.http.HttpServletRequest,javax.servlet.http.HttpServletResponse)
2018-09-16 19:51:09.662  INFO 13892 --- [main] o.s.w.s.handler.SimpleUrlHandlerMapping  : Mapped URL path [/webjars/**] onto handler of type [class org.springframework.web.servlet.resource.ResourceHttpRequestHandler]
2018-09-16 19:51:09.663  INFO 13892 --- [main] o.s.w.s.handler.SimpleUrlHandlerMapping  : Mapped URL path [/**] onto handler of type [class org.springframework.web.servlet.resource.ResourceHttpRequestHandler]
2018-09-16 19:51:10.049  WARN 13892 --- [main] org.thymeleaf.templatemode.TemplateMode  : [THYMELEAF][main] Template Mode 'HTML5' is deprecated. Using Template Mode 'HTML' instead.
2018-09-16 19:51:10.243  INFO 13892 --- [main] o.s.b.a.w.s.WelcomePageHandlerMapping    : Adding welcome page template: index
2018-09-16 19:51:10.880  INFO 13892 --- [main] o.s.j.e.a.AnnotationMBeanExporter        : Registering beans for JMX exposure on startup
2018-09-16 19:51:10.885  INFO 13892 --- [main] o.s.j.e.a.AnnotationMBeanExporter        : Bean with name 'waterflowDataSource' has been autodetected for JMX exposure
2018-09-16 19:51:10.901  INFO 13892 --- [main] o.s.j.e.a.AnnotationMBeanExporter        : Located MBean 'waterflowDataSource': registering with JMX server as MBean [com.alibaba.druid.pool:name=waterflowDataSource,type=DruidDataSource]
2018-09-16 19:51:11.006  INFO 13892 --- [main] o.s.b.w.embedded.tomcat.TomcatWebServer  : Tomcat started on port(s): 7001 (http) with context path ''
2018-09-16 19:51:11.015  INFO 13892 --- [main] c.s.waterflow.ExcelImportApplication     : Started ExcelImportApplication in 12.637 seconds (JVM running for 14.352)
2018-09-16 19:51:51.676  INFO 13892 --- [http-nio-7001-exec-1] o.a.c.c.C.[Tomcat].[localhost].[/]       : Initializing Spring FrameworkServlet 'dispatcherServlet'
2018-09-16 19:51:51.676  INFO 13892 --- [http-nio-7001-exec-1] o.s.web.servlet.DispatcherServlet        : FrameworkServlet 'dispatcherServlet': initialization started
2018-09-16 19:51:51.722  INFO 13892 --- [http-nio-7001-exec-1] o.s.web.servlet.DispatcherServlet        : FrameworkServlet 'dispatcherServlet': initialization completed in 45 ms
2018-09-16 19:54:12.149  INFO 1684 --- [main] c.s.waterflow.ExcelImportApplication     : Starting ExcelImportApplication on DESKTOP-DM6MBOE with PID 1684 (C:\files\02.project\excelimport\target\classes started by 92039 in C:\files\02.project\excelimport)
2018-09-16 19:54:12.156  INFO 1684 --- [main] c.s.waterflow.ExcelImportApplication     : No active profile set, falling back to default profiles: default
2018-09-16 19:54:12.316  INFO 1684 --- [main] ConfigServletWebServerApplicationContext : Refreshing org.springframework.boot.web.servlet.context.AnnotationConfigServletWebServerApplicationContext@5b799640: startup date [Sun Sep 16 19:54:12 CST 2018]; root of context hierarchy
2018-09-16 19:54:13.822  WARN 1684 --- [main] o.m.s.mapper.ClassPathMapperScanner      : No MyBatis mapper was found in '[com.suneducation.waterflow.dao.mapper]' package. Please check your configuration.
2018-09-16 19:54:15.626  INFO 1684 --- [main] o.s.b.w.embedded.tomcat.TomcatWebServer  : Tomcat initialized with port(s): 7001 (http)
2018-09-16 19:54:15.680  INFO 1684 --- [main] o.apache.catalina.core.StandardService   : Starting service [Tomcat]
2018-09-16 19:54:15.681  INFO 1684 --- [main] org.apache.catalina.core.StandardEngine  : Starting Servlet Engine: Apache Tomcat/8.5.31
2018-09-16 19:54:15.694  INFO 1684 --- [localhost-startStop-1] o.a.catalina.core.AprLifecycleListener   : The APR based Apache Tomcat Native library which allows optimal performance in production environments was not found on the java.library.path: [C:\files\env\jdk1.8.0_73x64\jdk1.8.0_73x64\bin;C:\WINDOWS\Sun\Java\bin;C:\WINDOWS\system32;C:\WINDOWS;C:\Perl64\site\bin;C:\Perl64\bin;C:\Program Files\NVIDIA GPU Computing Toolkit\CUDA\v9.1\bin;C:\Program Files\NVIDIA GPU Computing Toolkit\CUDA\v9.1\libnvvp;C:\Program Files (x86)\Intel\iCLS Client\;C:\Program Files\Intel\iCLS Client\;C:\Windows\system32;C:\Windows;C:\Windows\System32\Wbem;C:\Windows\System32\WindowsPowerShell\v1.0\;C:\Program Files (x86)\Intel\Intel(R) Management Engine Components\DAL;C:\Program Files\Intel\Intel(R) Management Engine Components\DAL;C:\Program Files (x86)\Intel\Intel(R) Management Engine Components\IPT;C:\Program Files\Intel\Intel(R) Management Engine Components\IPT;C:\Program Files (x86)\NVIDIA Corporation\PhysX\Common;C:\Program Files\TortoiseGit\bin;C:\files\env\jdk1.8.0_73x64\jdk1.8.0_73x64\bin;C:\files\env\jdk1.8.0_73x64\jdk1.8.0_73x64\jre\bin;C:\Program Files (x86)\JetBrains\IntelliJ IDEA 2016.2\plugins\maven\lib\maven3\bin;C:\Program Files\Git\bin;C:\Program Files\Git\cmd;C:\Program Files\MySQL\MySQL Utilities 1.6\;C:\Program Files (x86)\Windows Kits\10\Windows Performance Toolkit\;C:\Program Files (x86)\Skype\Phone\;C:\Program Files\erl9.1\lib\rabbitmq_server-3.6.12\sbin;C:\Python27;C:\Program Files\R\R-3.4.3\bin;C:\Program Files\Microsoft SQL Server\110\Tools\Binn\;C:\Program Files\nodejs\;C:\Program Files (x86)\MSBuild\Microsoft.Cpp\v4.0\v140;C:\Users\92039\AppData\Local\Programs\Python\Python36\Scripts;C:\WINDOWS\system32;C:\WINDOWS;C:\WINDOWS\System32\Wbem;C:\WINDOWS\System32\WindowsPowerShell\v1.0\;C:\files\env\curl-7.59.0-win32-mingw\bin;C:\files\env\gradle-4.6\bin;C:\files\13AI\OpenCV\opencv\build\x64\vc14\bin;C:\files\13AI\人体检测\OpenPose_demo_1.0.1\OpenPose_demo_1.0.1\bin;C:\files\13AI\OpenCV\opencv\build\java\x64;C:\Users\92039\AppData\Local\Android\Sdk\platform-tools;C:\files\env\php\php;C:\files\env\php\php\ext;C:\WINDOWS\system32;C:\WINDOWS;C:\WINDOWS\System32\Wbem;C:\WINDOWS\System32\WindowsPowerShell\v1.0\;C:\WINDOWS\System32\OpenSSH\;C:\files\01.document\04.strom\env\apache-storm-1.2.2\bin;C:\files\env\apache-ant-1.9.13\bin;C:\Perl64\bin;C:\Users\92039\AppData\Local\Programs\Python\Python36\Scripts\;C:\Users\92039\AppData\Local\Programs\Python\Python36\;C:\Users\92039\AppData\Local\Microsoft\WindowsApps;C:\Users\92039\AppData\Local\atom\bin;C:\Users\92039\AppData\Roaming\npm;%USERPROFILE%\AppData\Local\Microsoft\WindowsApps;;.]
2018-09-16 19:54:16.030  INFO 1684 --- [localhost-startStop-1] o.a.c.c.C.[Tomcat].[localhost].[/]       : Initializing Spring embedded WebApplicationContext
2018-09-16 19:54:16.030  INFO 1684 --- [localhost-startStop-1] o.s.web.context.ContextLoader            : Root WebApplicationContext: initialization completed in 3714 ms
2018-09-16 19:54:16.315  INFO 1684 --- [localhost-startStop-1] o.s.b.w.servlet.ServletRegistrationBean  : Servlet dispatcherServlet mapped to [/]
2018-09-16 19:54:16.325  INFO 1684 --- [localhost-startStop-1] o.s.b.w.servlet.FilterRegistrationBean   : Mapping filter: 'characterEncodingFilter' to: [/*]
2018-09-16 19:54:16.326  INFO 1684 --- [localhost-startStop-1] o.s.b.w.servlet.FilterRegistrationBean   : Mapping filter: 'hiddenHttpMethodFilter' to: [/*]
2018-09-16 19:54:16.327  INFO 1684 --- [localhost-startStop-1] o.s.b.w.servlet.FilterRegistrationBean   : Mapping filter: 'httpPutFormContentFilter' to: [/*]
2018-09-16 19:54:16.327  INFO 1684 --- [localhost-startStop-1] o.s.b.w.servlet.FilterRegistrationBean   : Mapping filter: 'requestContextFilter' to: [/*]
2018-09-16 19:54:17.112  INFO 1684 --- [main] com.alibaba.druid.pool.DruidDataSource   : {dataSource-1} inited
2018-09-16 19:54:17.666  INFO 1684 --- [main] o.s.w.s.handler.SimpleUrlHandlerMapping  : Mapped URL path [/**/favicon.ico] onto handler of type [class org.springframework.web.servlet.resource.ResourceHttpRequestHandler]
2018-09-16 19:54:18.124  INFO 1684 --- [main] s.w.s.m.m.a.RequestMappingHandlerAdapter : Looking for @ControllerAdvice: org.springframework.boot.web.servlet.context.AnnotationConfigServletWebServerApplicationContext@5b799640: startup date [Sun Sep 16 19:54:12 CST 2018]; root of context hierarchy
2018-09-16 19:54:18.291  INFO 1684 --- [main] s.w.s.m.m.a.RequestMappingHandlerMapping : Mapped "{[/index],methods=[GET]}" onto public java.lang.String com.sunducation.waterflow.controller.PageController.index()
2018-09-16 19:54:18.295  INFO 1684 --- [main] s.w.s.m.m.a.RequestMappingHandlerMapping : Mapped "{[/api/v1/uploads/excel],methods=[POST]}" onto public com.sunducation.waterflow.ResultMsg com.sunducation.waterflow.controller.UploadFileController.uploadImg(org.springframework.web.multipart.MultipartFile,javax.servlet.http.HttpServletRequest) throws java.lang.Exception
2018-09-16 19:54:18.304  INFO 1684 --- [main] s.w.s.m.m.a.RequestMappingHandlerMapping : Mapped "{[/error]}" onto public org.springframework.http.ResponseEntity<java.util.Map<java.lang.String, java.lang.Object>> org.springframework.boot.autoconfigure.web.servlet.error.BasicErrorController.error(javax.servlet.http.HttpServletRequest)
2018-09-16 19:54:18.305  INFO 1684 --- [main] s.w.s.m.m.a.RequestMappingHandlerMapping : Mapped "{[/error],produces=[text/html]}" onto public org.springframework.web.servlet.ModelAndView org.springframework.boot.autoconfigure.web.servlet.error.BasicErrorController.errorHtml(javax.servlet.http.HttpServletRequest,javax.servlet.http.HttpServletResponse)
2018-09-16 19:54:18.406  INFO 1684 --- [main] o.s.w.s.handler.SimpleUrlHandlerMapping  : Mapped URL path [/webjars/**] onto handler of type [class org.springframework.web.servlet.resource.ResourceHttpRequestHandler]
2018-09-16 19:54:18.406  INFO 1684 --- [main] o.s.w.s.handler.SimpleUrlHandlerMapping  : Mapped URL path [/**] onto handler of type [class org.springframework.web.servlet.resource.ResourceHttpRequestHandler]
2018-09-16 19:54:18.588  WARN 1684 --- [main] org.thymeleaf.templatemode.TemplateMode  : [THYMELEAF][main] Template Mode 'HTML5' is deprecated. Using Template Mode 'HTML' instead.
2018-09-16 19:54:18.782  INFO 1684 --- [main] o.s.b.a.w.s.WelcomePageHandlerMapping    : Adding welcome page template: index
2018-09-16 19:54:19.325  INFO 1684 --- [main] o.s.j.e.a.AnnotationMBeanExporter        : Registering beans for JMX exposure on startup
2018-09-16 19:54:19.327  INFO 1684 --- [main] o.s.j.e.a.AnnotationMBeanExporter        : Bean with name 'waterflowDataSource' has been autodetected for JMX exposure
2018-09-16 19:54:19.338  INFO 1684 --- [main] o.s.j.e.a.AnnotationMBeanExporter        : Located MBean 'waterflowDataSource': registering with JMX server as MBean [com.alibaba.druid.pool:name=waterflowDataSource,type=DruidDataSource]
2018-09-16 19:54:19.410  INFO 1684 --- [main] o.s.b.w.embedded.tomcat.TomcatWebServer  : Tomcat started on port(s): 7001 (http) with context path ''
2018-09-16 19:54:19.418  INFO 1684 --- [main] c.s.waterflow.ExcelImportApplication     : Started ExcelImportApplication in 8.591 seconds (JVM running for 9.628)
2018-09-16 19:54:36.061  INFO 1684 --- [http-nio-7001-exec-1] o.a.c.c.C.[Tomcat].[localhost].[/]       : Initializing Spring FrameworkServlet 'dispatcherServlet'
2018-09-16 19:54:36.062  INFO 1684 --- [http-nio-7001-exec-1] o.s.web.servlet.DispatcherServlet        : FrameworkServlet 'dispatcherServlet': initialization started
2018-09-16 19:54:36.100  INFO 1684 --- [http-nio-7001-exec-1] o.s.web.servlet.DispatcherServlet        : FrameworkServlet 'dispatcherServlet': initialization completed in 38 ms
2018-09-16 19:55:37.479  INFO 1952 --- [main] c.s.waterflow.ExcelImportApplication     : Starting ExcelImportApplication on DESKTOP-DM6MBOE with PID 1952 (C:\files\02.project\excelimport\target\classes started by 92039 in C:\files\02.project\excelimport)
2018-09-16 19:55:37.499  INFO 1952 --- [main] c.s.waterflow.ExcelImportApplication     : No active profile set, falling back to default profiles: default
2018-09-16 19:55:37.740  INFO 1952 --- [main] ConfigServletWebServerApplicationContext : Refreshing org.springframework.boot.web.servlet.context.AnnotationConfigServletWebServerApplicationContext@536f2a7e: startup date [Sun Sep 16 19:55:37 CST 2018]; root of context hierarchy
2018-09-16 19:55:39.686  WARN 1952 --- [main] o.m.s.mapper.ClassPathMapperScanner      : No MyBatis mapper was found in '[com.suneducation.waterflow.dao.mapper]' package. Please check your configuration.
2018-09-16 19:55:42.176  INFO 1952 --- [main] o.s.b.w.embedded.tomcat.TomcatWebServer  : Tomcat initialized with port(s): 7001 (http)
2018-09-16 19:55:42.233  INFO 1952 --- [main] o.apache.catalina.core.StandardService   : Starting service [Tomcat]
2018-09-16 19:55:42.235  INFO 1952 --- [main] org.apache.catalina.core.StandardEngine  : Starting Servlet Engine: Apache Tomcat/8.5.31
2018-09-16 19:55:42.255  INFO 1952 --- [localhost-startStop-1] o.a.catalina.core.AprLifecycleListener   : The APR based Apache Tomcat Native library which allows optimal performance in production environments was not found on the java.library.path: [C:\files\env\jdk1.8.0_73x64\jdk1.8.0_73x64\bin;C:\WINDOWS\Sun\Java\bin;C:\WINDOWS\system32;C:\WINDOWS;C:\Perl64\site\bin;C:\Perl64\bin;C:\Program Files\NVIDIA GPU Computing Toolkit\CUDA\v9.1\bin;C:\Program Files\NVIDIA GPU Computing Toolkit\CUDA\v9.1\libnvvp;C:\Program Files (x86)\Intel\iCLS Client\;C:\Program Files\Intel\iCLS Client\;C:\Windows\system32;C:\Windows;C:\Windows\System32\Wbem;C:\Windows\System32\WindowsPowerShell\v1.0\;C:\Program Files (x86)\Intel\Intel(R) Management Engine Components\DAL;C:\Program Files\Intel\Intel(R) Management Engine Components\DAL;C:\Program Files (x86)\Intel\Intel(R) Management Engine Components\IPT;C:\Program Files\Intel\Intel(R) Management Engine Components\IPT;C:\Program Files (x86)\NVIDIA Corporation\PhysX\Common;C:\Program Files\TortoiseGit\bin;C:\files\env\jdk1.8.0_73x64\jdk1.8.0_73x64\bin;C:\files\env\jdk1.8.0_73x64\jdk1.8.0_73x64\jre\bin;C:\Program Files (x86)\JetBrains\IntelliJ IDEA 2016.2\plugins\maven\lib\maven3\bin;C:\Program Files\Git\bin;C:\Program Files\Git\cmd;C:\Program Files\MySQL\MySQL Utilities 1.6\;C:\Program Files (x86)\Windows Kits\10\Windows Performance Toolkit\;C:\Program Files (x86)\Skype\Phone\;C:\Program Files\erl9.1\lib\rabbitmq_server-3.6.12\sbin;C:\Python27;C:\Program Files\R\R-3.4.3\bin;C:\Program Files\Microsoft SQL Server\110\Tools\Binn\;C:\Program Files\nodejs\;C:\Program Files (x86)\MSBuild\Microsoft.Cpp\v4.0\v140;C:\Users\92039\AppData\Local\Programs\Python\Python36\Scripts;C:\WINDOWS\system32;C:\WINDOWS;C:\WINDOWS\System32\Wbem;C:\WINDOWS\System32\WindowsPowerShell\v1.0\;C:\files\env\curl-7.59.0-win32-mingw\bin;C:\files\env\gradle-4.6\bin;C:\files\13AI\OpenCV\opencv\build\x64\vc14\bin;C:\files\13AI\人体检测\OpenPose_demo_1.0.1\OpenPose_demo_1.0.1\bin;C:\files\13AI\OpenCV\opencv\build\java\x64;C:\Users\92039\AppData\Local\Android\Sdk\platform-tools;C:\files\env\php\php;C:\files\env\php\php\ext;C:\WINDOWS\system32;C:\WINDOWS;C:\WINDOWS\System32\Wbem;C:\WINDOWS\System32\WindowsPowerShell\v1.0\;C:\WINDOWS\System32\OpenSSH\;C:\files\01.document\04.strom\env\apache-storm-1.2.2\bin;C:\files\env\apache-ant-1.9.13\bin;C:\Perl64\bin;C:\Users\92039\AppData\Local\Programs\Python\Python36\Scripts\;C:\Users\92039\AppData\Local\Programs\Python\Python36\;C:\Users\92039\AppData\Local\Microsoft\WindowsApps;C:\Users\92039\AppData\Local\atom\bin;C:\Users\92039\AppData\Roaming\npm;%USERPROFILE%\AppData\Local\Microsoft\WindowsApps;;.]
2018-09-16 19:55:42.678  INFO 1952 --- [localhost-startStop-1] o.a.c.c.C.[Tomcat].[localhost].[/]       : Initializing Spring embedded WebApplicationContext
2018-09-16 19:55:42.692  INFO 1952 --- [localhost-startStop-1] o.s.web.context.ContextLoader            : Root WebApplicationContext: initialization completed in 4939 ms
2018-09-16 19:55:43.480  INFO 1952 --- [localhost-startStop-1] o.s.b.w.servlet.ServletRegistrationBean  : Servlet dispatcherServlet mapped to [/]
2018-09-16 19:55:43.705  INFO 1952 --- [localhost-startStop-1] o.s.b.w.servlet.FilterRegistrationBean   : Mapping filter: 'characterEncodingFilter' to: [/*]
2018-09-16 19:55:43.715  INFO 1952 --- [localhost-startStop-1] o.s.b.w.servlet.FilterRegistrationBean   : Mapping filter: 'hiddenHttpMethodFilter' to: [/*]
2018-09-16 19:55:43.718  INFO 1952 --- [localhost-startStop-1] o.s.b.w.servlet.FilterRegistrationBean   : Mapping filter: 'httpPutFormContentFilter' to: [/*]
2018-09-16 19:55:43.730  INFO 1952 --- [localhost-startStop-1] o.s.b.w.servlet.FilterRegistrationBean   : Mapping filter: 'requestContextFilter' to: [/*]
2018-09-16 19:55:44.753  INFO 1952 --- [main] com.alibaba.druid.pool.DruidDataSource   : {dataSource-1} inited
2018-09-16 19:55:45.371  INFO 1952 --- [main] o.s.w.s.handler.SimpleUrlHandlerMapping  : Mapped URL path [/**/favicon.ico] onto handler of type [class org.springframework.web.servlet.resource.ResourceHttpRequestHandler]
2018-09-16 19:55:45.850  INFO 1952 --- [main] s.w.s.m.m.a.RequestMappingHandlerAdapter : Looking for @ControllerAdvice: org.springframework.boot.web.servlet.context.AnnotationConfigServletWebServerApplicationContext@536f2a7e: startup date [Sun Sep 16 19:55:37 CST 2018]; root of context hierarchy
2018-09-16 19:55:46.035  INFO 1952 --- [main] s.w.s.m.m.a.RequestMappingHandlerMapping : Mapped "{[/index],methods=[GET]}" onto public java.lang.String com.sunducation.waterflow.controller.PageController.index()
2018-09-16 19:55:46.038  INFO 1952 --- [main] s.w.s.m.m.a.RequestMappingHandlerMapping : Mapped "{[/api/v1/uploads/excel],methods=[POST]}" onto public com.sunducation.waterflow.ResultMsg com.sunducation.waterflow.controller.UploadFileController.uploadImg(org.springframework.web.multipart.MultipartFile,javax.servlet.http.HttpServletRequest) throws java.lang.Exception
2018-09-16 19:55:46.042  INFO 1952 --- [main] s.w.s.m.m.a.RequestMappingHandlerMapping : Mapped "{[/error]}" onto public org.springframework.http.ResponseEntity<java.util.Map<java.lang.String, java.lang.Object>> org.springframework.boot.autoconfigure.web.servlet.error.BasicErrorController.error(javax.servlet.http.HttpServletRequest)
2018-09-16 19:55:46.044  INFO 1952 --- [main] s.w.s.m.m.a.RequestMappingHandlerMapping : Mapped "{[/error],produces=[text/html]}" onto public org.springframework.web.servlet.ModelAndView org.springframework.boot.autoconfigure.web.servlet.error.BasicErrorController.errorHtml(javax.servlet.http.HttpServletRequest,javax.servlet.http.HttpServletResponse)
2018-09-16 19:55:46.126  INFO 1952 --- [main] o.s.w.s.handler.SimpleUrlHandlerMapping  : Mapped URL path [/webjars/**] onto handler of type [class org.springframework.web.servlet.resource.ResourceHttpRequestHandler]
2018-09-16 19:55:46.130  INFO 1952 --- [main] o.s.w.s.handler.SimpleUrlHandlerMapping  : Mapped URL path [/**] onto handler of type [class org.springframework.web.servlet.resource.ResourceHttpRequestHandler]
2018-09-16 19:55:46.283  WARN 1952 --- [main] org.thymeleaf.templatemode.TemplateMode  : [THYMELEAF][main] Template Mode 'HTML5' is deprecated. Using Template Mode 'HTML' instead.
2018-09-16 19:55:46.435  INFO 1952 --- [main] o.s.b.a.w.s.WelcomePageHandlerMapping    : Adding welcome page template: index
2018-09-16 19:55:46.880  INFO 1952 --- [main] o.s.j.e.a.AnnotationMBeanExporter        : Registering beans for JMX exposure on startup
2018-09-16 19:55:46.881  INFO 1952 --- [main] o.s.j.e.a.AnnotationMBeanExporter        : Bean with name 'waterflowDataSource' has been autodetected for JMX exposure
2018-09-16 19:55:46.891  INFO 1952 --- [main] o.s.j.e.a.AnnotationMBeanExporter        : Located MBean 'waterflowDataSource': registering with JMX server as MBean [com.alibaba.druid.pool:name=waterflowDataSource,type=DruidDataSource]
2018-09-16 19:55:46.965  INFO 1952 --- [main] o.s.b.w.embedded.tomcat.TomcatWebServer  : Tomcat started on port(s): 7001 (http) with context path ''
2018-09-16 19:55:46.974  INFO 1952 --- [main] c.s.waterflow.ExcelImportApplication     : Started ExcelImportApplication in 10.504 seconds (JVM running for 11.457)
2018-09-16 19:56:36.377  INFO 9596 --- [main] c.s.waterflow.ExcelImportApplication     : Starting ExcelImportApplication on DESKTOP-DM6MBOE with PID 9596 (C:\files\02.project\excelimport\target\classes started by 92039 in C:\files\02.project\excelimport)
2018-09-16 19:56:36.384  INFO 9596 --- [main] c.s.waterflow.ExcelImportApplication     : No active profile set, falling back to default profiles: default
2018-09-16 19:56:36.537  INFO 9596 --- [main] ConfigServletWebServerApplicationContext : Refreshing org.springframework.boot.web.servlet.context.AnnotationConfigServletWebServerApplicationContext@4e5ed836: startup date [Sun Sep 16 19:56:36 CST 2018]; root of context hierarchy
2018-09-16 19:56:37.918  WARN 9596 --- [main] o.m.s.mapper.ClassPathMapperScanner      : No MyBatis mapper was found in '[com.suneducation.waterflow.dao.mapper]' package. Please check your configuration.
2018-09-16 19:56:39.909  INFO 9596 --- [main] o.s.b.w.embedded.tomcat.TomcatWebServer  : Tomcat initialized with port(s): 7001 (http)
2018-09-16 19:56:39.972  INFO 9596 --- [main] o.apache.catalina.core.StandardService   : Starting service [Tomcat]
2018-09-16 19:56:39.973  INFO 9596 --- [main] org.apache.catalina.core.StandardEngine  : Starting Servlet Engine: Apache Tomcat/8.5.31
2018-09-16 19:56:39.989  INFO 9596 --- [localhost-startStop-1] o.a.catalina.core.AprLifecycleListener   : The APR based Apache Tomcat Native library which allows optimal performance in production environments was not found on the java.library.path: [C:\files\env\jdk1.8.0_73x64\jdk1.8.0_73x64\bin;C:\WINDOWS\Sun\Java\bin;C:\WINDOWS\system32;C:\WINDOWS;C:\Perl64\site\bin;C:\Perl64\bin;C:\Program Files\NVIDIA GPU Computing Toolkit\CUDA\v9.1\bin;C:\Program Files\NVIDIA GPU Computing Toolkit\CUDA\v9.1\libnvvp;C:\Program Files (x86)\Intel\iCLS Client\;C:\Program Files\Intel\iCLS Client\;C:\Windows\system32;C:\Windows;C:\Windows\System32\Wbem;C:\Windows\System32\WindowsPowerShell\v1.0\;C:\Program Files (x86)\Intel\Intel(R) Management Engine Components\DAL;C:\Program Files\Intel\Intel(R) Management Engine Components\DAL;C:\Program Files (x86)\Intel\Intel(R) Management Engine Components\IPT;C:\Program Files\Intel\Intel(R) Management Engine Components\IPT;C:\Program Files (x86)\NVIDIA Corporation\PhysX\Common;C:\Program Files\TortoiseGit\bin;C:\files\env\jdk1.8.0_73x64\jdk1.8.0_73x64\bin;C:\files\env\jdk1.8.0_73x64\jdk1.8.0_73x64\jre\bin;C:\Program Files (x86)\JetBrains\IntelliJ IDEA 2016.2\plugins\maven\lib\maven3\bin;C:\Program Files\Git\bin;C:\Program Files\Git\cmd;C:\Program Files\MySQL\MySQL Utilities 1.6\;C:\Program Files (x86)\Windows Kits\10\Windows Performance Toolkit\;C:\Program Files (x86)\Skype\Phone\;C:\Program Files\erl9.1\lib\rabbitmq_server-3.6.12\sbin;C:\Python27;C:\Program Files\R\R-3.4.3\bin;C:\Program Files\Microsoft SQL Server\110\Tools\Binn\;C:\Program Files\nodejs\;C:\Program Files (x86)\MSBuild\Microsoft.Cpp\v4.0\v140;C:\Users\92039\AppData\Local\Programs\Python\Python36\Scripts;C:\WINDOWS\system32;C:\WINDOWS;C:\WINDOWS\System32\Wbem;C:\WINDOWS\System32\WindowsPowerShell\v1.0\;C:\files\env\curl-7.59.0-win32-mingw\bin;C:\files\env\gradle-4.6\bin;C:\files\13AI\OpenCV\opencv\build\x64\vc14\bin;C:\files\13AI\人体检测\OpenPose_demo_1.0.1\OpenPose_demo_1.0.1\bin;C:\files\13AI\OpenCV\opencv\build\java\x64;C:\Users\92039\AppData\Local\Android\Sdk\platform-tools;C:\files\env\php\php;C:\files\env\php\php\ext;C:\WINDOWS\system32;C:\WINDOWS;C:\WINDOWS\System32\Wbem;C:\WINDOWS\System32\WindowsPowerShell\v1.0\;C:\WINDOWS\System32\OpenSSH\;C:\files\01.document\04.strom\env\apache-storm-1.2.2\bin;C:\files\env\apache-ant-1.9.13\bin;C:\Perl64\bin;C:\Users\92039\AppData\Local\Programs\Python\Python36\Scripts\;C:\Users\92039\AppData\Local\Programs\Python\Python36\;C:\Users\92039\AppData\Local\Microsoft\WindowsApps;C:\Users\92039\AppData\Local\atom\bin;C:\Users\92039\AppData\Roaming\npm;%USERPROFILE%\AppData\Local\Microsoft\WindowsApps;;.]
2018-09-16 19:56:40.387  INFO 9596 --- [localhost-startStop-1] o.a.c.c.C.[Tomcat].[localhost].[/]       : Initializing Spring embedded WebApplicationContext
2018-09-16 19:56:40.389  INFO 9596 --- [localhost-startStop-1] o.s.web.context.ContextLoader            : Root WebApplicationContext: initialization completed in 3852 ms
2018-09-16 19:56:40.686  INFO 9596 --- [localhost-startStop-1] o.s.b.w.servlet.ServletRegistrationBean  : Servlet dispatcherServlet mapped to [/]
2018-09-16 19:56:40.698  INFO 9596 --- [localhost-startStop-1] o.s.b.w.servlet.FilterRegistrationBean   : Mapping filter: 'characterEncodingFilter' to: [/*]
2018-09-16 19:56:40.699  INFO 9596 --- [localhost-startStop-1] o.s.b.w.servlet.FilterRegistrationBean   : Mapping filter: 'hiddenHttpMethodFilter' to: [/*]
2018-09-16 19:56:40.700  INFO 9596 --- [localhost-startStop-1] o.s.b.w.servlet.FilterRegistrationBean   : Mapping filter: 'httpPutFormContentFilter' to: [/*]
2018-09-16 19:56:40.700  INFO 9596 --- [localhost-startStop-1] o.s.b.w.servlet.FilterRegistrationBean   : Mapping filter: 'requestContextFilter' to: [/*]
2018-09-16 19:56:41.547  INFO 9596 --- [main] com.alibaba.druid.pool.DruidDataSource   : {dataSource-1} inited
2018-09-16 19:56:42.065  INFO 9596 --- [main] o.s.w.s.handler.SimpleUrlHandlerMapping  : Mapped URL path [/**/favicon.ico] onto handler of type [class org.springframework.web.servlet.resource.ResourceHttpRequestHandler]
2018-09-16 19:56:42.505  INFO 9596 --- [main] s.w.s.m.m.a.RequestMappingHandlerAdapter : Looking for @ControllerAdvice: org.springframework.boot.web.servlet.context.AnnotationConfigServletWebServerApplicationContext@4e5ed836: startup date [Sun Sep 16 19:56:36 CST 2018]; root of context hierarchy
2018-09-16 19:56:42.660  INFO 9596 --- [main] s.w.s.m.m.a.RequestMappingHandlerMapping : Mapped "{[/index],methods=[GET]}" onto public java.lang.String com.sunducation.waterflow.controller.PageController.index()
2018-09-16 19:56:42.663  INFO 9596 --- [main] s.w.s.m.m.a.RequestMappingHandlerMapping : Mapped "{[/api/v1/uploads/excel],methods=[POST]}" onto public com.sunducation.waterflow.ResultMsg com.sunducation.waterflow.controller.UploadFileController.uploadImg(org.springframework.web.multipart.MultipartFile,javax.servlet.http.HttpServletRequest) throws java.lang.Exception
2018-09-16 19:56:42.671  INFO 9596 --- [main] s.w.s.m.m.a.RequestMappingHandlerMapping : Mapped "{[/error]}" onto public org.springframework.http.ResponseEntity<java.util.Map<java.lang.String, java.lang.Object>> org.springframework.boot.autoconfigure.web.servlet.error.BasicErrorController.error(javax.servlet.http.HttpServletRequest)
2018-09-16 19:56:42.672  INFO 9596 --- [main] s.w.s.m.m.a.RequestMappingHandlerMapping : Mapped "{[/error],produces=[text/html]}" onto public org.springframework.web.servlet.ModelAndView org.springframework.boot.autoconfigure.web.servlet.error.BasicErrorController.errorHtml(javax.servlet.http.HttpServletRequest,javax.servlet.http.HttpServletResponse)
2018-09-16 19:56:42.739  INFO 9596 --- [main] o.s.w.s.handler.SimpleUrlHandlerMapping  : Mapped URL path [/webjars/**] onto handler of type [class org.springframework.web.servlet.resource.ResourceHttpRequestHandler]
2018-09-16 19:56:42.739  INFO 9596 --- [main] o.s.w.s.handler.SimpleUrlHandlerMapping  : Mapped URL path [/**] onto handler of type [class org.springframework.web.servlet.resource.ResourceHttpRequestHandler]
2018-09-16 19:56:42.920  WARN 9596 --- [main] org.thymeleaf.templatemode.TemplateMode  : [THYMELEAF][main] Template Mode 'HTML5' is deprecated. Using Template Mode 'HTML' instead.
2018-09-16 19:56:43.049  INFO 9596 --- [main] o.s.b.a.w.s.WelcomePageHandlerMapping    : Adding welcome page template: index
2018-09-16 19:56:43.508  INFO 9596 --- [main] o.s.j.e.a.AnnotationMBeanExporter        : Registering beans for JMX exposure on startup
2018-09-16 19:56:43.510  INFO 9596 --- [main] o.s.j.e.a.AnnotationMBeanExporter        : Bean with name 'waterflowDataSource' has been autodetected for JMX exposure
2018-09-16 19:56:43.527  INFO 9596 --- [main] o.s.j.e.a.AnnotationMBeanExporter        : Located MBean 'waterflowDataSource': registering with JMX server as MBean [com.alibaba.druid.pool:name=waterflowDataSource,type=DruidDataSource]
2018-09-16 19:56:43.608  INFO 9596 --- [main] o.s.b.w.embedded.tomcat.TomcatWebServer  : Tomcat started on port(s): 7001 (http) with context path ''
2018-09-16 19:56:43.617  INFO 9596 --- [main] c.s.waterflow.ExcelImportApplication     : Started ExcelImportApplication in 8.69 seconds (JVM running for 9.947)
2018-09-16 19:57:07.182  INFO 9596 --- [http-nio-7001-exec-1] o.a.c.c.C.[Tomcat].[localhost].[/]       : Initializing Spring FrameworkServlet 'dispatcherServlet'
2018-09-16 19:57:07.182  INFO 9596 --- [http-nio-7001-exec-1] o.s.web.servlet.DispatcherServlet        : FrameworkServlet 'dispatcherServlet': initialization started
2018-09-16 19:57:07.214  INFO 9596 --- [http-nio-7001-exec-1] o.s.web.servlet.DispatcherServlet        : FrameworkServlet 'dispatcherServlet': initialization completed in 31 ms
2018-09-16 19:58:38.619  INFO 13320 --- [main] c.s.waterflow.ExcelImportApplication     : Starting ExcelImportApplication on DESKTOP-DM6MBOE with PID 13320 (C:\files\02.project\excelimport\target\classes started by 92039 in C:\files\02.project\excelimport)
2018-09-16 19:58:38.625  INFO 13320 --- [main] c.s.waterflow.ExcelImportApplication     : No active profile set, falling back to default profiles: default
2018-09-16 19:58:38.773  INFO 13320 --- [main] ConfigServletWebServerApplicationContext : Refreshing org.springframework.boot.web.servlet.context.AnnotationConfigServletWebServerApplicationContext@65987993: startup date [Sun Sep 16 19:58:38 CST 2018]; root of context hierarchy
2018-09-16 19:58:40.459  WARN 13320 --- [main] o.m.s.mapper.ClassPathMapperScanner      : No MyBatis mapper was found in '[com.suneducation.waterflow.dao.mapper]' package. Please check your configuration.
2018-09-16 19:58:42.223  INFO 13320 --- [main] o.s.b.w.embedded.tomcat.TomcatWebServer  : Tomcat initialized with port(s): 7001 (http)
2018-09-16 19:58:42.279  INFO 13320 --- [main] o.apache.catalina.core.StandardService   : Starting service [Tomcat]
2018-09-16 19:58:42.281  INFO 13320 --- [main] org.apache.catalina.core.StandardEngine  : Starting Servlet Engine: Apache Tomcat/8.5.31
2018-09-16 19:58:42.296  INFO 13320 --- [localhost-startStop-1] o.a.catalina.core.AprLifecycleListener   : The APR based Apache Tomcat Native library which allows optimal performance in production environments was not found on the java.library.path: [C:\files\env\jdk1.8.0_73x64\jdk1.8.0_73x64\bin;C:\WINDOWS\Sun\Java\bin;C:\WINDOWS\system32;C:\WINDOWS;C:\Perl64\site\bin;C:\Perl64\bin;C:\Program Files\NVIDIA GPU Computing Toolkit\CUDA\v9.1\bin;C:\Program Files\NVIDIA GPU Computing Toolkit\CUDA\v9.1\libnvvp;C:\Program Files (x86)\Intel\iCLS Client\;C:\Program Files\Intel\iCLS Client\;C:\Windows\system32;C:\Windows;C:\Windows\System32\Wbem;C:\Windows\System32\WindowsPowerShell\v1.0\;C:\Program Files (x86)\Intel\Intel(R) Management Engine Components\DAL;C:\Program Files\Intel\Intel(R) Management Engine Components\DAL;C:\Program Files (x86)\Intel\Intel(R) Management Engine Components\IPT;C:\Program Files\Intel\Intel(R) Management Engine Components\IPT;C:\Program Files (x86)\NVIDIA Corporation\PhysX\Common;C:\Program Files\TortoiseGit\bin;C:\files\env\jdk1.8.0_73x64\jdk1.8.0_73x64\bin;C:\files\env\jdk1.8.0_73x64\jdk1.8.0_73x64\jre\bin;C:\Program Files (x86)\JetBrains\IntelliJ IDEA 2016.2\plugins\maven\lib\maven3\bin;C:\Program Files\Git\bin;C:\Program Files\Git\cmd;C:\Program Files\MySQL\MySQL Utilities 1.6\;C:\Program Files (x86)\Windows Kits\10\Windows Performance Toolkit\;C:\Program Files (x86)\Skype\Phone\;C:\Program Files\erl9.1\lib\rabbitmq_server-3.6.12\sbin;C:\Python27;C:\Program Files\R\R-3.4.3\bin;C:\Program Files\Microsoft SQL Server\110\Tools\Binn\;C:\Program Files\nodejs\;C:\Program Files (x86)\MSBuild\Microsoft.Cpp\v4.0\v140;C:\Users\92039\AppData\Local\Programs\Python\Python36\Scripts;C:\WINDOWS\system32;C:\WINDOWS;C:\WINDOWS\System32\Wbem;C:\WINDOWS\System32\WindowsPowerShell\v1.0\;C:\files\env\curl-7.59.0-win32-mingw\bin;C:\files\env\gradle-4.6\bin;C:\files\13AI\OpenCV\opencv\build\x64\vc14\bin;C:\files\13AI\人体检测\OpenPose_demo_1.0.1\OpenPose_demo_1.0.1\bin;C:\files\13AI\OpenCV\opencv\build\java\x64;C:\Users\92039\AppData\Local\Android\Sdk\platform-tools;C:\files\env\php\php;C:\files\env\php\php\ext;C:\WINDOWS\system32;C:\WINDOWS;C:\WINDOWS\System32\Wbem;C:\WINDOWS\System32\WindowsPowerShell\v1.0\;C:\WINDOWS\System32\OpenSSH\;C:\files\01.document\04.strom\env\apache-storm-1.2.2\bin;C:\files\env\apache-ant-1.9.13\bin;C:\Perl64\bin;C:\Users\92039\AppData\Local\Programs\Python\Python36\Scripts\;C:\Users\92039\AppData\Local\Programs\Python\Python36\;C:\Users\92039\AppData\Local\Microsoft\WindowsApps;C:\Users\92039\AppData\Local\atom\bin;C:\Users\92039\AppData\Roaming\npm;%USERPROFILE%\AppData\Local\Microsoft\WindowsApps;;.]
2018-09-16 19:58:42.629  INFO 13320 --- [localhost-startStop-1] o.a.c.c.C.[Tomcat].[localhost].[/]       : Initializing Spring embedded WebApplicationContext
2018-09-16 19:58:42.630  INFO 13320 --- [localhost-startStop-1] o.s.web.context.ContextLoader            : Root WebApplicationContext: initialization completed in 3857 ms
2018-09-16 19:58:42.920  INFO 13320 --- [localhost-startStop-1] o.s.b.w.servlet.ServletRegistrationBean  : Servlet dispatcherServlet mapped to [/]
2018-09-16 19:58:42.931  INFO 13320 --- [localhost-startStop-1] o.s.b.w.servlet.FilterRegistrationBean   : Mapping filter: 'characterEncodingFilter' to: [/*]
2018-09-16 19:58:42.932  INFO 13320 --- [localhost-startStop-1] o.s.b.w.servlet.FilterRegistrationBean   : Mapping filter: 'hiddenHttpMethodFilter' to: [/*]
2018-09-16 19:58:42.932  INFO 13320 --- [localhost-startStop-1] o.s.b.w.servlet.FilterRegistrationBean   : Mapping filter: 'httpPutFormContentFilter' to: [/*]
2018-09-16 19:58:42.932  INFO 13320 --- [localhost-startStop-1] o.s.b.w.servlet.FilterRegistrationBean   : Mapping filter: 'requestContextFilter' to: [/*]
2018-09-16 19:58:43.788  INFO 13320 --- [main] com.alibaba.druid.pool.DruidDataSource   : {dataSource-1} inited
2018-09-16 19:58:44.389  INFO 13320 --- [main] o.s.w.s.handler.SimpleUrlHandlerMapping  : Mapped URL path [/**/favicon.ico] onto handler of type [class org.springframework.web.servlet.resource.ResourceHttpRequestHandler]
2018-09-16 19:58:44.910  INFO 13320 --- [main] s.w.s.m.m.a.RequestMappingHandlerAdapter : Looking for @ControllerAdvice: org.springframework.boot.web.servlet.context.AnnotationConfigServletWebServerApplicationContext@65987993: startup date [Sun Sep 16 19:58:38 CST 2018]; root of context hierarchy
2018-09-16 19:58:45.057  INFO 13320 --- [main] s.w.s.m.m.a.RequestMappingHandlerMapping : Mapped "{[/index],methods=[GET]}" onto public java.lang.String com.sunducation.waterflow.controller.PageController.index()
2018-09-16 19:58:45.059  INFO 13320 --- [main] s.w.s.m.m.a.RequestMappingHandlerMapping : Mapped "{[/api/v1/uploads/excel],methods=[POST]}" onto public com.sunducation.waterflow.ResultMsg com.sunducation.waterflow.controller.UploadFileController.uploadImg(org.springframework.web.multipart.MultipartFile,javax.servlet.http.HttpServletRequest) throws java.lang.Exception
2018-09-16 19:58:45.065  INFO 13320 --- [main] s.w.s.m.m.a.RequestMappingHandlerMapping : Mapped "{[/error]}" onto public org.springframework.http.ResponseEntity<java.util.Map<java.lang.String, java.lang.Object>> org.springframework.boot.autoconfigure.web.servlet.error.BasicErrorController.error(javax.servlet.http.HttpServletRequest)
2018-09-16 19:58:45.066  INFO 13320 --- [main] s.w.s.m.m.a.RequestMappingHandlerMapping : Mapped "{[/error],produces=[text/html]}" onto public org.springframework.web.servlet.ModelAndView org.springframework.boot.autoconfigure.web.servlet.error.BasicErrorController.errorHtml(javax.servlet.http.HttpServletRequest,javax.servlet.http.HttpServletResponse)
2018-09-16 19:58:45.139  INFO 13320 --- [main] o.s.w.s.handler.SimpleUrlHandlerMapping  : Mapped URL path [/webjars/**] onto handler of type [class org.springframework.web.servlet.resource.ResourceHttpRequestHandler]
2018-09-16 19:58:45.140  INFO 13320 --- [main] o.s.w.s.handler.SimpleUrlHandlerMapping  : Mapped URL path [/**] onto handler of type [class org.springframework.web.servlet.resource.ResourceHttpRequestHandler]
2018-09-16 19:58:45.283  WARN 13320 --- [main] org.thymeleaf.templatemode.TemplateMode  : [THYMELEAF][main] Template Mode 'HTML5' is deprecated. Using Template Mode 'HTML' instead.
2018-09-16 19:58:45.422  INFO 13320 --- [main] o.s.b.a.w.s.WelcomePageHandlerMapping    : Adding welcome page template: index
2018-09-16 19:58:45.890  INFO 13320 --- [main] o.s.j.e.a.AnnotationMBeanExporter        : Registering beans for JMX exposure on startup
2018-09-16 19:58:45.891  INFO 13320 --- [main] o.s.j.e.a.AnnotationMBeanExporter        : Bean with name 'waterflowDataSource' has been autodetected for JMX exposure
2018-09-16 19:58:45.898  INFO 13320 --- [main] o.s.j.e.a.AnnotationMBeanExporter        : Located MBean 'waterflowDataSource': registering with JMX server as MBean [com.alibaba.druid.pool:name=waterflowDataSource,type=DruidDataSource]
2018-09-16 19:58:45.968  INFO 13320 --- [main] o.s.b.w.embedded.tomcat.TomcatWebServer  : Tomcat started on port(s): 7001 (http) with context path ''
2018-09-16 19:58:45.978  INFO 13320 --- [main] c.s.waterflow.ExcelImportApplication     : Started ExcelImportApplication in 8.66 seconds (JVM running for 10.236)
2018-09-16 19:58:56.549  INFO 13320 --- [http-nio-7001-exec-1] o.a.c.c.C.[Tomcat].[localhost].[/]       : Initializing Spring FrameworkServlet 'dispatcherServlet'
2018-09-16 19:58:56.550  INFO 13320 --- [http-nio-7001-exec-1] o.s.web.servlet.DispatcherServlet        : FrameworkServlet 'dispatcherServlet': initialization started
2018-09-16 19:58:56.590  INFO 13320 --- [http-nio-7001-exec-1] o.s.web.servlet.DispatcherServlet        : FrameworkServlet 'dispatcherServlet': initialization completed in 40 ms
2019-04-26 10:44:58.204  INFO 3004 --- [main] c.s.waterflow.ExcelImportApplication     : Starting ExcelImportApplication on AFOIF-812161720 with PID 3004 (D:\develops\ht\bigdataimport\target\classes started by 王鹏豪 in D:\develops\ht\bigdataimport)
2019-04-26 10:44:58.216  INFO 3004 --- [main] c.s.waterflow.ExcelImportApplication     : No active profile set, falling back to default profiles: default
2019-04-26 10:44:58.439  INFO 3004 --- [main] ConfigServletWebServerApplicationContext : Refreshing org.springframework.boot.web.servlet.context.AnnotationConfigServletWebServerApplicationContext@aca91a: startup date [Fri Apr 26 10:44:58 CST 2019]; root of context hierarchy
2019-04-26 10:44:59.598  WARN 3004 --- [main] o.m.s.mapper.ClassPathMapperScanner      : No MyBatis mapper was found in '[com.suneducation.waterflow.dao.mapper]' package. Please check your configuration.
2019-04-26 10:45:01.093  INFO 3004 --- [main] o.s.b.w.embedded.tomcat.TomcatWebServer  : Tomcat initialized with port(s): 7001 (http)
2019-04-26 10:45:01.140  INFO 3004 --- [main] o.apache.catalina.core.StandardService   : Starting service [Tomcat]
2019-04-26 10:45:01.141  INFO 3004 --- [main] org.apache.catalina.core.StandardEngine  : Starting Servlet Engine: Apache Tomcat/8.5.31
2019-04-26 10:45:01.150  INFO 3004 --- [localhost-startStop-1] o.a.catalina.core.AprLifecycleListener   : The APR based Apache Tomcat Native library which allows optimal performance in production environments was not found on the java.library.path: [D:\develops\soft\jdk1.8\bin;C:\WINDOWS\Sun\Java\bin;C:\WINDOWS\system32;C:\WINDOWS;D:\develops\python\anzhuang\Scripts\;D:\develops\python\anzhuang\;C:\WINDOWS\system32;C:\WINDOWS;C:\WINDOWS\System32\Wbem;C:\WINDOWS\System32\WindowsPowerShell\v1.0\;D:\develops\soft\jdk1.8\bin;D:\develops\soft\apache-maven-3.3.9\bin;D:\develops\soft\git\Git\cmd;C:\WINDOWS\System32\OpenSSH\;D:\develops\soft\nvm\nvm;D:\develops\soft\nvm\nodejs;D:\develops\soft\svn\bin;C:\Users\Administrator\AppData\Local\Microsoft\WindowsApps;D:\develops\soft\nvm\nvm;D:\develops\soft\nvm\nodejs;.]
2019-04-26 10:45:01.337  INFO 3004 --- [localhost-startStop-1] o.a.c.c.C.[Tomcat].[localhost].[/]       : Initializing Spring embedded WebApplicationContext
2019-04-26 10:45:01.337  INFO 3004 --- [localhost-startStop-1] o.s.web.context.ContextLoader            : Root WebApplicationContext: initialization completed in 2898 ms
2019-04-26 10:45:01.606  INFO 3004 --- [localhost-startStop-1] o.s.b.w.servlet.ServletRegistrationBean  : Servlet dispatcherServlet mapped to [/]
2019-04-26 10:45:01.614  INFO 3004 --- [localhost-startStop-1] o.s.b.w.servlet.FilterRegistrationBean   : Mapping filter: 'characterEncodingFilter' to: [/*]
2019-04-26 10:45:01.614  INFO 3004 --- [localhost-startStop-1] o.s.b.w.servlet.FilterRegistrationBean   : Mapping filter: 'hiddenHttpMethodFilter' to: [/*]
2019-04-26 10:45:01.615  INFO 3004 --- [localhost-startStop-1] o.s.b.w.servlet.FilterRegistrationBean   : Mapping filter: 'httpPutFormContentFilter' to: [/*]
2019-04-26 10:45:01.615  INFO 3004 --- [localhost-startStop-1] o.s.b.w.servlet.FilterRegistrationBean   : Mapping filter: 'requestContextFilter' to: [/*]
2019-04-26 10:45:01.942 ERROR 3004 --- [main] com.alibaba.druid.pool.DruidDataSource   : {dataSource-1} init error

java.lang.IllegalStateException: dbType not support : null, url jjdbc:mysql://59.110.228.223:3306/app?useUnicode=true&characterEncoding=UTF-8&useSSL=false
	at com.alibaba.druid.wall.WallFilter.init(WallFilter.java:159) ~[druid-1.1.8.jar:1.1.8]
	at com.alibaba.druid.pool.DruidDataSource.init(DruidDataSource.java:760) ~[druid-1.1.8.jar:1.1.8]
	at sun.reflect.NativeMethodAccessorImpl.invoke0(Native Method) ~[na:1.8.0_91]
	at sun.reflect.NativeMethodAccessorImpl.invoke(NativeMethodAccessorImpl.java:62) ~[na:1.8.0_91]
	at sun.reflect.DelegatingMethodAccessorImpl.invoke(DelegatingMethodAccessorImpl.java:43) ~[na:1.8.0_91]
	at java.lang.reflect.Method.invoke(Method.java:498) ~[na:1.8.0_91]
	at org.springframework.beans.factory.support.AbstractAutowireCapableBeanFactory.invokeCustomInitMethod(AbstractAutowireCapableBeanFactory.java:1833) [spring-beans-5.0.7.RELEASE.jar:5.0.7.RELEASE]
	at org.springframework.beans.factory.support.AbstractAutowireCapableBeanFactory.invokeInitMethods(AbstractAutowireCapableBeanFactory.java:1776) [spring-beans-5.0.7.RELEASE.jar:5.0.7.RELEASE]
	at org.springframework.beans.factory.support.AbstractAutowireCapableBeanFactory.initializeBean(AbstractAutowireCapableBeanFactory.java:1704) [spring-beans-5.0.7.RELEASE.jar:5.0.7.RELEASE]
	at org.springframework.beans.factory.support.AbstractAutowireCapableBeanFactory.doCreateBean(AbstractAutowireCapableBeanFactory.java:581) [spring-beans-5.0.7.RELEASE.jar:5.0.7.RELEASE]
	at org.springframework.beans.factory.support.AbstractAutowireCapableBeanFactory.createBean(AbstractAutowireCapableBeanFactory.java:503) [spring-beans-5.0.7.RELEASE.jar:5.0.7.RELEASE]
	at org.springframework.beans.factory.support.AbstractBeanFactory.lambda$doGetBean$0(AbstractBeanFactory.java:317) [spring-beans-5.0.7.RELEASE.jar:5.0.7.RELEASE]
	at org.springframework.beans.factory.support.DefaultSingletonBeanRegistry.getSingleton(DefaultSingletonBeanRegistry.java:222) ~[spring-beans-5.0.7.RELEASE.jar:5.0.7.RELEASE]
	at org.springframework.beans.factory.support.AbstractBeanFactory.doGetBean(AbstractBeanFactory.java:315) [spring-beans-5.0.7.RELEASE.jar:5.0.7.RELEASE]
	at org.springframework.beans.factory.support.AbstractBeanFactory.getBean(AbstractBeanFactory.java:199) [spring-beans-5.0.7.RELEASE.jar:5.0.7.RELEASE]
	at org.springframework.beans.factory.config.DependencyDescriptor.resolveCandidate(DependencyDescriptor.java:251) ~[spring-beans-5.0.7.RELEASE.jar:5.0.7.RELEASE]
	at org.springframework.beans.factory.support.DefaultListableBeanFactory.doResolveDependency(DefaultListableBeanFactory.java:1138) ~[spring-beans-5.0.7.RELEASE.jar:5.0.7.RELEASE]
	at org.springframework.beans.factory.support.DefaultListableBeanFactory.resolveDependency(DefaultListableBeanFactory.java:1065) ~[spring-beans-5.0.7.RELEASE.jar:5.0.7.RELEASE]
	at org.springframework.beans.factory.annotation.AutowiredAnnotationBeanPostProcessor$AutowiredFieldElement.inject(AutowiredAnnotationBeanPostProcessor.java:584) ~[spring-beans-5.0.7.RELEASE.jar:5.0.7.RELEASE]
	at org.springframework.beans.factory.annotation.InjectionMetadata.inject(InjectionMetadata.java:91) ~[spring-beans-5.0.7.RELEASE.jar:5.0.7.RELEASE]
	at org.springframework.beans.factory.annotation.AutowiredAnnotationBeanPostProcessor.postProcessPropertyValues(AutowiredAnnotationBeanPostProcessor.java:373) ~[spring-beans-5.0.7.RELEASE.jar:5.0.7.RELEASE]
	at org.springframework.beans.factory.support.AbstractAutowireCapableBeanFactory.populateBean(AbstractAutowireCapableBeanFactory.java:1350) [spring-beans-5.0.7.RELEASE.jar:5.0.7.RELEASE]
	at org.springframework.beans.factory.support.AbstractAutowireCapableBeanFactory.doCreateBean(AbstractAutowireCapableBeanFactory.java:580) [spring-beans-5.0.7.RELEASE.jar:5.0.7.RELEASE]
	at org.springframework.beans.factory.support.AbstractAutowireCapableBeanFactory.createBean(AbstractAutowireCapableBeanFactory.java:503) [spring-beans-5.0.7.RELEASE.jar:5.0.7.RELEASE]
	at org.springframework.beans.factory.support.AbstractBeanFactory.lambda$doGetBean$0(AbstractBeanFactory.java:317) [spring-beans-5.0.7.RELEASE.jar:5.0.7.RELEASE]
	at org.springframework.beans.factory.support.DefaultSingletonBeanRegistry.getSingleton(DefaultSingletonBeanRegistry.java:222) ~[spring-beans-5.0.7.RELEASE.jar:5.0.7.RELEASE]
	at org.springframework.beans.factory.support.AbstractBeanFactory.doGetBean(AbstractBeanFactory.java:315) [spring-beans-5.0.7.RELEASE.jar:5.0.7.RELEASE]
	at org.springframework.beans.factory.support.AbstractBeanFactory.getBean(AbstractBeanFactory.java:199) [spring-beans-5.0.7.RELEASE.jar:5.0.7.RELEASE]
	at org.springframework.beans.factory.support.DefaultListableBeanFactory.preInstantiateSingletons(DefaultListableBeanFactory.java:760) ~[spring-beans-5.0.7.RELEASE.jar:5.0.7.RELEASE]
	at org.springframework.context.support.AbstractApplicationContext.finishBeanFactoryInitialization(AbstractApplicationContext.java:869) ~[spring-context-5.0.7.RELEASE.jar:5.0.7.RELEASE]
	at org.springframework.context.support.AbstractApplicationContext.refresh(AbstractApplicationContext.java:550) ~[spring-context-5.0.7.RELEASE.jar:5.0.7.RELEASE]
	at org.springframework.boot.web.servlet.context.ServletWebServerApplicationContext.refresh(ServletWebServerApplicationContext.java:140) ~[spring-boot-2.0.3.RELEASE.jar:2.0.3.RELEASE]
	at org.springframework.boot.SpringApplication.refresh(SpringApplication.java:759) ~[spring-boot-2.0.3.RELEASE.jar:2.0.3.RELEASE]
	at org.springframework.boot.SpringApplication.refreshContext(SpringApplication.java:395) ~[spring-boot-2.0.3.RELEASE.jar:2.0.3.RELEASE]
	at org.springframework.boot.SpringApplication.run(SpringApplication.java:327) ~[spring-boot-2.0.3.RELEASE.jar:2.0.3.RELEASE]
	at org.springframework.boot.SpringApplication.run(SpringApplication.java:1255) ~[spring-boot-2.0.3.RELEASE.jar:2.0.3.RELEASE]
	at org.springframework.boot.SpringApplication.run(SpringApplication.java:1243) ~[spring-boot-2.0.3.RELEASE.jar:2.0.3.RELEASE]
	at com.sunducation.waterflow.ExcelImportApplication.main(ExcelImportApplication.java:8) ~[classes/:na]

2019-04-26 10:45:01.946  WARN 3004 --- [main] ConfigServletWebServerApplicationContext : Exception encountered during context initialization - cancelling refresh attempt: org.springframework.beans.factory.UnsatisfiedDependencyException: Error creating bean with name 'mybatisSchoolDbConfig': Unsatisfied dependency expressed through field 'rbacDS'; nested exception is org.springframework.beans.factory.BeanCreationException: Error creating bean with name 'waterflowDataSource' defined in class path resource [com/sunducation/waterflow/config/DataSourceConfig.class]: Invocation of init method failed; nested exception is java.lang.IllegalStateException: dbType not support : null, url jjdbc:mysql://59.110.228.223:3306/app?useUnicode=true&characterEncoding=UTF-8&useSSL=false
2019-04-26 10:45:01.954  INFO 3004 --- [main] o.apache.catalina.core.StandardService   : Stopping service [Tomcat]
2019-04-26 10:45:01.981  INFO 3004 --- [main] ConditionEvaluationReportLoggingListener : 

Error starting ApplicationContext. To display the conditions report re-run your application with 'debug' enabled.
2019-04-26 10:45:01.996 ERROR 3004 --- [main] o.s.boot.SpringApplication               : Application run failed

org.springframework.beans.factory.UnsatisfiedDependencyException: Error creating bean with name 'mybatisSchoolDbConfig': Unsatisfied dependency expressed through field 'rbacDS'; nested exception is org.springframework.beans.factory.BeanCreationException: Error creating bean with name 'waterflowDataSource' defined in class path resource [com/sunducation/waterflow/config/DataSourceConfig.class]: Invocation of init method failed; nested exception is java.lang.IllegalStateException: dbType not support : null, url jjdbc:mysql://59.110.228.223:3306/app?useUnicode=true&characterEncoding=UTF-8&useSSL=false
	at org.springframework.beans.factory.annotation.AutowiredAnnotationBeanPostProcessor$AutowiredFieldElement.inject(AutowiredAnnotationBeanPostProcessor.java:587) ~[spring-beans-5.0.7.RELEASE.jar:5.0.7.RELEASE]
	at org.springframework.beans.factory.annotation.InjectionMetadata.inject(InjectionMetadata.java:91) ~[spring-beans-5.0.7.RELEASE.jar:5.0.7.RELEASE]
	at org.springframework.beans.factory.annotation.AutowiredAnnotationBeanPostProcessor.postProcessPropertyValues(AutowiredAnnotationBeanPostProcessor.java:373) ~[spring-beans-5.0.7.RELEASE.jar:5.0.7.RELEASE]
	at org.springframework.beans.factory.support.AbstractAutowireCapableBeanFactory.populateBean(AbstractAutowireCapableBeanFactory.java:1350) ~[spring-beans-5.0.7.RELEASE.jar:5.0.7.RELEASE]
	at org.springframework.beans.factory.support.AbstractAutowireCapableBeanFactory.doCreateBean(AbstractAutowireCapableBeanFactory.java:580) ~[spring-beans-5.0.7.RELEASE.jar:5.0.7.RELEASE]
	at org.springframework.beans.factory.support.AbstractAutowireCapableBeanFactory.createBean(AbstractAutowireCapableBeanFactory.java:503) ~[spring-beans-5.0.7.RELEASE.jar:5.0.7.RELEASE]
	at org.springframework.beans.factory.support.AbstractBeanFactory.lambda$doGetBean$0(AbstractBeanFactory.java:317) ~[spring-beans-5.0.7.RELEASE.jar:5.0.7.RELEASE]
	at org.springframework.beans.factory.support.DefaultSingletonBeanRegistry.getSingleton(DefaultSingletonBeanRegistry.java:222) ~[spring-beans-5.0.7.RELEASE.jar:5.0.7.RELEASE]
	at org.springframework.beans.factory.support.AbstractBeanFactory.doGetBean(AbstractBeanFactory.java:315) ~[spring-beans-5.0.7.RELEASE.jar:5.0.7.RELEASE]
	at org.springframework.beans.factory.support.AbstractBeanFactory.getBean(AbstractBeanFactory.java:199) ~[spring-beans-5.0.7.RELEASE.jar:5.0.7.RELEASE]
	at org.springframework.beans.factory.support.DefaultListableBeanFactory.preInstantiateSingletons(DefaultListableBeanFactory.java:760) ~[spring-beans-5.0.7.RELEASE.jar:5.0.7.RELEASE]
	at org.springframework.context.support.AbstractApplicationContext.finishBeanFactoryInitialization(AbstractApplicationContext.java:869) ~[spring-context-5.0.7.RELEASE.jar:5.0.7.RELEASE]
	at org.springframework.context.support.AbstractApplicationContext.refresh(AbstractApplicationContext.java:550) ~[spring-context-5.0.7.RELEASE.jar:5.0.7.RELEASE]
	at org.springframework.boot.web.servlet.context.ServletWebServerApplicationContext.refresh(ServletWebServerApplicationContext.java:140) ~[spring-boot-2.0.3.RELEASE.jar:2.0.3.RELEASE]
	at org.springframework.boot.SpringApplication.refresh(SpringApplication.java:759) [spring-boot-2.0.3.RELEASE.jar:2.0.3.RELEASE]
	at org.springframework.boot.SpringApplication.refreshContext(SpringApplication.java:395) [spring-boot-2.0.3.RELEASE.jar:2.0.3.RELEASE]
	at org.springframework.boot.SpringApplication.run(SpringApplication.java:327) [spring-boot-2.0.3.RELEASE.jar:2.0.3.RELEASE]
	at org.springframework.boot.SpringApplication.run(SpringApplication.java:1255) [spring-boot-2.0.3.RELEASE.jar:2.0.3.RELEASE]
	at org.springframework.boot.SpringApplication.run(SpringApplication.java:1243) [spring-boot-2.0.3.RELEASE.jar:2.0.3.RELEASE]
	at com.sunducation.waterflow.ExcelImportApplication.main(ExcelImportApplication.java:8) [classes/:na]
Caused by: org.springframework.beans.factory.BeanCreationException: Error creating bean with name 'waterflowDataSource' defined in class path resource [com/sunducation/waterflow/config/DataSourceConfig.class]: Invocation of init method failed; nested exception is java.lang.IllegalStateException: dbType not support : null, url jjdbc:mysql://59.110.228.223:3306/app?useUnicode=true&characterEncoding=UTF-8&useSSL=false
	at org.springframework.beans.factory.support.AbstractAutowireCapableBeanFactory.initializeBean(AbstractAutowireCapableBeanFactory.java:1708) ~[spring-beans-5.0.7.RELEASE.jar:5.0.7.RELEASE]
	at org.springframework.beans.factory.support.AbstractAutowireCapableBeanFactory.doCreateBean(AbstractAutowireCapableBeanFactory.java:581) ~[spring-beans-5.0.7.RELEASE.jar:5.0.7.RELEASE]
	at org.springframework.beans.factory.support.AbstractAutowireCapableBeanFactory.createBean(AbstractAutowireCapableBeanFactory.java:503) ~[spring-beans-5.0.7.RELEASE.jar:5.0.7.RELEASE]
	at org.springframework.beans.factory.support.AbstractBeanFactory.lambda$doGetBean$0(AbstractBeanFactory.java:317) ~[spring-beans-5.0.7.RELEASE.jar:5.0.7.RELEASE]
	at org.springframework.beans.factory.support.DefaultSingletonBeanRegistry.getSingleton(DefaultSingletonBeanRegistry.java:222) ~[spring-beans-5.0.7.RELEASE.jar:5.0.7.RELEASE]
	at org.springframework.beans.factory.support.AbstractBeanFactory.doGetBean(AbstractBeanFactory.java:315) ~[spring-beans-5.0.7.RELEASE.jar:5.0.7.RELEASE]
	at org.springframework.beans.factory.support.AbstractBeanFactory.getBean(AbstractBeanFactory.java:199) ~[spring-beans-5.0.7.RELEASE.jar:5.0.7.RELEASE]
	at org.springframework.beans.factory.config.DependencyDescriptor.resolveCandidate(DependencyDescriptor.java:251) ~[spring-beans-5.0.7.RELEASE.jar:5.0.7.RELEASE]
	at org.springframework.beans.factory.support.DefaultListableBeanFactory.doResolveDependency(DefaultListableBeanFactory.java:1138) ~[spring-beans-5.0.7.RELEASE.jar:5.0.7.RELEASE]
	at org.springframework.beans.factory.support.DefaultListableBeanFactory.resolveDependency(DefaultListableBeanFactory.java:1065) ~[spring-beans-5.0.7.RELEASE.jar:5.0.7.RELEASE]
	at org.springframework.beans.factory.annotation.AutowiredAnnotationBeanPostProcessor$AutowiredFieldElement.inject(AutowiredAnnotationBeanPostProcessor.java:584) ~[spring-beans-5.0.7.RELEASE.jar:5.0.7.RELEASE]
	... 19 common frames omitted
Caused by: java.lang.IllegalStateException: dbType not support : null, url jjdbc:mysql://59.110.228.223:3306/app?useUnicode=true&characterEncoding=UTF-8&useSSL=false
	at com.alibaba.druid.wall.WallFilter.init(WallFilter.java:159) ~[druid-1.1.8.jar:1.1.8]
	at com.alibaba.druid.pool.DruidDataSource.init(DruidDataSource.java:760) ~[druid-1.1.8.jar:1.1.8]
	at sun.reflect.NativeMethodAccessorImpl.invoke0(Native Method) ~[na:1.8.0_91]
	at sun.reflect.NativeMethodAccessorImpl.invoke(NativeMethodAccessorImpl.java:62) ~[na:1.8.0_91]
	at sun.reflect.DelegatingMethodAccessorImpl.invoke(DelegatingMethodAccessorImpl.java:43) ~[na:1.8.0_91]
	at java.lang.reflect.Method.invoke(Method.java:498) ~[na:1.8.0_91]
	at org.springframework.beans.factory.support.AbstractAutowireCapableBeanFactory.invokeCustomInitMethod(AbstractAutowireCapableBeanFactory.java:1833) ~[spring-beans-5.0.7.RELEASE.jar:5.0.7.RELEASE]
	at org.springframework.beans.factory.support.AbstractAutowireCapableBeanFactory.invokeInitMethods(AbstractAutowireCapableBeanFactory.java:1776) ~[spring-beans-5.0.7.RELEASE.jar:5.0.7.RELEASE]
	at org.springframework.beans.factory.support.AbstractAutowireCapableBeanFactory.initializeBean(AbstractAutowireCapableBeanFactory.java:1704) ~[spring-beans-5.0.7.RELEASE.jar:5.0.7.RELEASE]
	... 29 common frames omitted

2019-04-26 10:45:54.717  INFO 11484 --- [main] c.s.waterflow.ExcelImportApplication     : Starting ExcelImportApplication on AFOIF-812161720 with PID 11484 (D:\develops\ht\bigdataimport\target\classes started by 王鹏豪 in D:\develops\ht\bigdataimport)
2019-04-26 10:45:54.750  INFO 11484 --- [main] c.s.waterflow.ExcelImportApplication     : No active profile set, falling back to default profiles: default
2019-04-26 10:45:55.058  INFO 11484 --- [main] ConfigServletWebServerApplicationContext : Refreshing org.springframework.boot.web.servlet.context.AnnotationConfigServletWebServerApplicationContext@61fe30: startup date [Fri Apr 26 10:45:55 CST 2019]; root of context hierarchy
2019-04-26 10:45:56.089  WARN 11484 --- [main] o.m.s.mapper.ClassPathMapperScanner      : No MyBatis mapper was found in '[com.suneducation.waterflow.dao.mapper]' package. Please check your configuration.
2019-04-26 10:45:57.495  INFO 11484 --- [main] o.s.b.w.embedded.tomcat.TomcatWebServer  : Tomcat initialized with port(s): 7001 (http)
2019-04-26 10:45:57.559  INFO 11484 --- [main] o.apache.catalina.core.StandardService   : Starting service [Tomcat]
2019-04-26 10:45:57.560  INFO 11484 --- [main] org.apache.catalina.core.StandardEngine  : Starting Servlet Engine: Apache Tomcat/8.5.31
2019-04-26 10:45:57.567  INFO 11484 --- [localhost-startStop-1] o.a.catalina.core.AprLifecycleListener   : The APR based Apache Tomcat Native library which allows optimal performance in production environments was not found on the java.library.path: [D:\develops\soft\jdk1.8\bin;C:\WINDOWS\Sun\Java\bin;C:\WINDOWS\system32;C:\WINDOWS;D:\develops\python\anzhuang\Scripts\;D:\develops\python\anzhuang\;C:\WINDOWS\system32;C:\WINDOWS;C:\WINDOWS\System32\Wbem;C:\WINDOWS\System32\WindowsPowerShell\v1.0\;D:\develops\soft\jdk1.8\bin;D:\develops\soft\apache-maven-3.3.9\bin;D:\develops\soft\git\Git\cmd;C:\WINDOWS\System32\OpenSSH\;D:\develops\soft\nvm\nvm;D:\develops\soft\nvm\nodejs;D:\develops\soft\svn\bin;C:\Users\Administrator\AppData\Local\Microsoft\WindowsApps;D:\develops\soft\nvm\nvm;D:\develops\soft\nvm\nodejs;.]
2019-04-26 10:45:57.752  INFO 11484 --- [localhost-startStop-1] o.a.c.c.C.[Tomcat].[localhost].[/]       : Initializing Spring embedded WebApplicationContext
2019-04-26 10:45:57.752  INFO 11484 --- [localhost-startStop-1] o.s.web.context.ContextLoader            : Root WebApplicationContext: initialization completed in 2694 ms
2019-04-26 10:45:58.045  INFO 11484 --- [localhost-startStop-1] o.s.b.w.servlet.ServletRegistrationBean  : Servlet dispatcherServlet mapped to [/]
2019-04-26 10:45:58.052  INFO 11484 --- [localhost-startStop-1] o.s.b.w.servlet.FilterRegistrationBean   : Mapping filter: 'characterEncodingFilter' to: [/*]
2019-04-26 10:45:58.053  INFO 11484 --- [localhost-startStop-1] o.s.b.w.servlet.FilterRegistrationBean   : Mapping filter: 'hiddenHttpMethodFilter' to: [/*]
2019-04-26 10:45:58.053  INFO 11484 --- [localhost-startStop-1] o.s.b.w.servlet.FilterRegistrationBean   : Mapping filter: 'httpPutFormContentFilter' to: [/*]
2019-04-26 10:45:58.054  INFO 11484 --- [localhost-startStop-1] o.s.b.w.servlet.FilterRegistrationBean   : Mapping filter: 'requestContextFilter' to: [/*]
2019-04-26 10:46:00.304  INFO 11484 --- [main] com.alibaba.druid.pool.DruidDataSource   : {dataSource-1} inited
2019-04-26 10:46:00.831  INFO 11484 --- [main] o.s.w.s.handler.SimpleUrlHandlerMapping  : Mapped URL path [/**/favicon.ico] onto handler of type [class org.springframework.web.servlet.resource.ResourceHttpRequestHandler]
2019-04-26 10:46:01.248  INFO 11484 --- [main] s.w.s.m.m.a.RequestMappingHandlerAdapter : Looking for @ControllerAdvice: org.springframework.boot.web.servlet.context.AnnotationConfigServletWebServerApplicationContext@61fe30: startup date [Fri Apr 26 10:45:55 CST 2019]; root of context hierarchy
2019-04-26 10:46:01.496  INFO 11484 --- [main] s.w.s.m.m.a.RequestMappingHandlerMapping : Mapped "{[/index],methods=[GET]}" onto public java.lang.String com.sunducation.waterflow.controller.PageController.index()
2019-04-26 10:46:01.501  INFO 11484 --- [main] s.w.s.m.m.a.RequestMappingHandlerMapping : Mapped "{[/api/v1/uploads/excel],methods=[POST]}" onto public com.sunducation.waterflow.ResultMsg com.sunducation.waterflow.controller.UploadFileController.uploadImg(org.springframework.web.multipart.MultipartFile,javax.servlet.http.HttpServletRequest) throws java.lang.Exception
2019-04-26 10:46:01.505  INFO 11484 --- [main] s.w.s.m.m.a.RequestMappingHandlerMapping : Mapped "{[/error]}" onto public org.springframework.http.ResponseEntity<java.util.Map<java.lang.String, java.lang.Object>> org.springframework.boot.autoconfigure.web.servlet.error.BasicErrorController.error(javax.servlet.http.HttpServletRequest)
2019-04-26 10:46:01.508  INFO 11484 --- [main] s.w.s.m.m.a.RequestMappingHandlerMapping : Mapped "{[/error],produces=[text/html]}" onto public org.springframework.web.servlet.ModelAndView org.springframework.boot.autoconfigure.web.servlet.error.BasicErrorController.errorHtml(javax.servlet.http.HttpServletRequest,javax.servlet.http.HttpServletResponse)
2019-04-26 10:46:01.625  INFO 11484 --- [main] o.s.w.s.handler.SimpleUrlHandlerMapping  : Mapped URL path [/webjars/**] onto handler of type [class org.springframework.web.servlet.resource.ResourceHttpRequestHandler]
2019-04-26 10:46:01.626  INFO 11484 --- [main] o.s.w.s.handler.SimpleUrlHandlerMapping  : Mapped URL path [/**] onto handler of type [class org.springframework.web.servlet.resource.ResourceHttpRequestHandler]
2019-04-26 10:46:02.007  WARN 11484 --- [main] org.thymeleaf.templatemode.TemplateMode  : [THYMELEAF][main] Template Mode 'HTML5' is deprecated. Using Template Mode 'HTML' instead.
2019-04-26 10:46:02.252  INFO 11484 --- [main] o.s.b.a.w.s.WelcomePageHandlerMapping    : Adding welcome page template: index
2019-04-26 10:46:04.616  INFO 11484 --- [main] o.s.j.e.a.AnnotationMBeanExporter        : Registering beans for JMX exposure on startup
2019-04-26 10:46:04.618  INFO 11484 --- [main] o.s.j.e.a.AnnotationMBeanExporter        : Bean with name 'waterflowDataSource' has been autodetected for JMX exposure
2019-04-26 10:46:04.628  INFO 11484 --- [main] o.s.j.e.a.AnnotationMBeanExporter        : Located MBean 'waterflowDataSource': registering with JMX server as MBean [com.alibaba.druid.pool:name=waterflowDataSource,type=DruidDataSource]
2019-04-26 10:46:04.710  INFO 11484 --- [main] o.s.b.w.embedded.tomcat.TomcatWebServer  : Tomcat started on port(s): 7001 (http) with context path ''
2019-04-26 10:46:04.723  INFO 11484 --- [main] c.s.waterflow.ExcelImportApplication     : Started ExcelImportApplication in 11.038 seconds (JVM running for 13.191)
2019-04-26 10:47:24.528  INFO 11484 --- [http-nio-7001-exec-1] o.a.c.c.C.[Tomcat].[localhost].[/]       : Initializing Spring FrameworkServlet 'dispatcherServlet'
2019-04-26 10:47:24.529  INFO 11484 --- [http-nio-7001-exec-1] o.s.web.servlet.DispatcherServlet        : FrameworkServlet 'dispatcherServlet': initialization started
2019-04-26 10:47:24.581  INFO 11484 --- [http-nio-7001-exec-1] o.s.web.servlet.DispatcherServlet        : FrameworkServlet 'dispatcherServlet': initialization completed in 51 ms
2019-04-26 15:46:15.746  INFO 11484 --- [Thread-25] ConfigServletWebServerApplicationContext : Closing org.springframework.boot.web.servlet.context.AnnotationConfigServletWebServerApplicationContext@61fe30: startup date [Fri Apr 26 10:45:55 CST 2019]; root of context hierarchy
2019-04-26 15:46:15.766  INFO 11484 --- [Thread-25] o.s.j.e.a.AnnotationMBeanExporter        : Unregistering JMX-exposed beans on shutdown
2019-04-26 15:46:15.768  INFO 11484 --- [Thread-25] o.s.j.e.a.AnnotationMBeanExporter        : Unregistering JMX-exposed beans
2019-04-26 15:46:15.795  INFO 11484 --- [Thread-25] com.alibaba.druid.pool.DruidDataSource   : {dataSource-1} closed
